<?xml version="1.0" encoding="UTF-8"?>
<testsuite xmlns:xsi="http://www.w3.org/2001/XMLSchema-instance" xsi:noNamespaceSchemaLocation="https://maven.apache.org/surefire/maven-surefire-plugin/xsd/surefire-test-report-3.0.xsd" version="3.0" name="com.ibatulanand.inventoryservice.InventoryServiceApplicationTests" time="7.182" tests="1" errors="0" skipped="0" failures="0">
  <properties>
[...]
</properties>
  <testcase name="contextLoads" classname="com.ibatulanand.inventoryservice.InventoryServiceApplicationTests" time="0.745">
    <system-out><![CDATA[12:26:45.198 [main] INFO org.springframework.test.context.support.AnnotationConfigContextLoaderUtils -- Could not detect default configuration classes for test class [com.ibatulanand.inventoryservice.InventoryServiceApplicationTests]: InventoryServiceApplicationTests does not declare any static, non-private, non-final, nested classes annotated with @Configuration.
12:26:45.357 [main] INFO org.springframework.boot.test.context.SpringBootTestContextBootstrapper -- Found @SpringBootConfiguration com.ibatulanand.inventoryservice.InventoryServiceApplication for test class com.ibatulanand.inventoryservice.InventoryServiceApplicationTests

  .   ____          _            __ _ _
 /\\ / ___'_ __ _ _(_)_ __  __ _ \ \ \ \
( ( )\___ | '_ | '_| | '_ \/ _` | \ \ \ \
 \\/  ___)| |_)| | | | | || (_| |  ) ) ) )
  '  |____| .__|_| |_|_| |_\__, | / / / /
 =========|_|==============|___/=/_/_/_/
 :: Spring Boot ::                (v3.1.3)

2023-10-02T12:26:45.966+09:00  INFO 15512 --- [           main] c.i.i.InventoryServiceApplicationTests   : Starting InventoryServiceApplicationTests using Java 17.0.6 with PID 15512 (started by Atul Anand in C:\Personal\Learnings\Code\Projects\new\ecommerce-microservices\inventory-service)
2023-10-02T12:26:45.968+09:00  INFO 15512 --- [           main] c.i.i.InventoryServiceApplicationTests   : No active profile set, falling back to 1 default profile: "default"
2023-10-02T12:26:46.871+09:00  INFO 15512 --- [           main] .s.d.r.c.RepositoryConfigurationDelegate : Bootstrapping Spring Data JPA repositories in DEFAULT mode.
2023-10-02T12:26:46.944+09:00  INFO 15512 --- [           main] .s.d.r.c.RepositoryConfigurationDelegate : Finished Spring Data repository scanning in 62 ms. Found 1 JPA repository interfaces.
2023-10-02T12:26:47.587+09:00  INFO 15512 --- [           main] o.hibernate.jpa.internal.util.LogHelper  : HHH000204: Processing PersistenceUnitInfo [name: default]
2023-10-02T12:26:47.672+09:00  INFO 15512 --- [           main] org.hibernate.Version                    : HHH000412: Hibernate ORM core version 6.2.7.Final
2023-10-02T12:26:47.675+09:00  INFO 15512 --- [           main] org.hibernate.cfg.Environment            : HHH000406: Using bytecode reflection optimizer
2023-10-02T12:26:48.032+09:00  INFO 15512 --- [           main] o.h.b.i.BytecodeProviderInitiator        : HHH000021: Bytecode provider name : bytebuddy
2023-10-02T12:26:48.236+09:00  INFO 15512 --- [           main] o.s.o.j.p.SpringPersistenceUnitInfo      : No LoadTimeWeaver setup: ignoring JPA class transformer
2023-10-02T12:26:48.258+09:00  INFO 15512 --- [           main] com.zaxxer.hikari.HikariDataSource       : HikariPool-1 - Starting...
2023-10-02T12:26:48.764+09:00  INFO 15512 --- [           main] com.zaxxer.hikari.pool.HikariPool        : HikariPool-1 - Added connection com.mysql.cj.jdbc.ConnectionImpl@74f4a2ba
2023-10-02T12:26:48.767+09:00  INFO 15512 --- [           main] com.zaxxer.hikari.HikariDataSource       : HikariPool-1 - Start completed.
2023-10-02T12:26:49.145+09:00  INFO 15512 --- [           main] o.h.b.i.BytecodeProviderInitiator        : HHH000021: Bytecode provider name : bytebuddy
2023-10-02T12:26:49.990+09:00  INFO 15512 --- [           main] o.h.e.t.j.p.i.JtaPlatformInitiator       : HHH000490: Using JtaPlatform implementation: [org.hibernate.engine.transaction.jta.platform.internal.NoJtaPlatform]
2023-10-02T12:26:50.061+09:00  INFO 15512 --- [           main] j.LocalContainerEntityManagerFactoryBean : Initialized JPA EntityManagerFactory for persistence unit 'default'
2023-10-02T12:26:50.744+09:00  WARN 15512 --- [           main] JpaBaseConfiguration$JpaWebConfiguration : spring.jpa.open-in-view is enabled by default. Therefore, database queries may be performed during view rendering. Explicitly configure spring.jpa.open-in-view to disable this warning
2023-10-02T12:26:51.194+09:00  INFO 15512 --- [           main] c.i.i.InventoryServiceApplicationTests   : Started InventoryServiceApplicationTests in 5.594 seconds (process running for 7.518)
]]></system-out>
  </testcase>
</testsuite>