<?xml version="1.0" encoding="UTF-8"?>
<testsuite xmlns:xsi="http://www.w3.org/2001/XMLSchema-instance" xsi:noNamespaceSchemaLocation="https://maven.apache.org/surefire/maven-surefire-plugin/xsd/surefire-test-report-3.0.xsd" version="3.0" name="com.ibatulanand.productservice.ProductServiceApplicationTests" time="11.493" tests="1" errors="0" skipped="0" failures="0">
  <properties>
[...]
</properties>
  <testcase name="shouldCreateProduct" classname="com.ibatulanand.productservice.ProductServiceApplicationTests" time="1.756">
    <system-out><![CDATA[12:26:11.630 [main] INFO org.springframework.test.context.support.AnnotationConfigContextLoaderUtils -- Could not detect default configuration classes for test class [com.ibatulanand.productservice.ProductServiceApplicationTests]: ProductServiceApplicationTests does not declare any static, non-private, non-final, nested classes annotated with @Configuration.
12:26:11.840 [main] INFO org.springframework.boot.test.context.SpringBootTestContextBootstrapper -- Found @SpringBootConfiguration com.ibatulanand.productservice.ProductServiceApplication for test class com.ibatulanand.productservice.ProductServiceApplicationTests
12:26:12.230 [main] INFO org.testcontainers.utility.ImageNameSubstitutor -- Image name substitution will be performed by: DefaultImageNameSubstitutor (composite of 'ConfigurationFileImageNameSubstitutor' and 'PrefixingImageNameSubstitutor')
12:26:12.594 [main] INFO org.testcontainers.dockerclient.DockerClientProviderStrategy -- Loaded org.testcontainers.dockerclient.NpipeSocketClientProviderStrategy from ~/.testcontainers.properties, will try it first
12:26:12.996 [main] INFO org.testcontainers.dockerclient.DockerClientProviderStrategy -- Found Docker environment with local Npipe socket (npipe:////./pipe/docker_engine)
12:26:12.997 [main] INFO org.testcontainers.DockerClientFactory -- Docker host IP address is localhost
12:26:13.022 [main] INFO org.testcontainers.DockerClientFactory -- Connected to docker: 
  Server Version: 23.0.5
  API Version: 1.42
  Operating System: Docker Desktop
  Total Memory: 7798 MB
12:26:13.076 [main] INFO tc.testcontainers/ryuk:0.5.1 -- Creating container for image: testcontainers/ryuk:0.5.1
12:26:13.719 [main] INFO tc.testcontainers/ryuk:0.5.1 -- Container testcontainers/ryuk:0.5.1 is starting: 01befc3aa06002b6e95bfac6e5cb5ce0343afd4d84c083cf9f09eb3febc923b8
12:26:14.660 [main] INFO tc.testcontainers/ryuk:0.5.1 -- Container testcontainers/ryuk:0.5.1 started in PT1.628772S
12:26:14.674 [main] INFO org.testcontainers.utility.RyukResourceReaper -- Ryuk started - will monitor and terminate Testcontainers containers on JVM exit
12:26:14.674 [main] INFO org.testcontainers.DockerClientFactory -- Checking the system...
12:26:14.675 [main] INFO org.testcontainers.DockerClientFactory -- ✔︎ Docker server version should be at least 1.6.0
12:26:14.676 [main] INFO tc.mongo:4.4.24 -- Creating container for image: mongo:4.4.24
12:26:14.745 [main] INFO tc.mongo:4.4.24 -- Container mongo:4.4.24 is starting: 92bb0bdce5f1badf0039faa1472f9d31f50cec30e26944e545418735518d71ff
12:26:16.690 [main] INFO tc.mongo:4.4.24 -- Container mongo:4.4.24 started in PT2.014817S

  .   ____          _            __ _ _
 /\\ / ___'_ __ _ _(_)_ __  __ _ \ \ \ \
( ( )\___ | '_ | '_| | '_ \/ _` | \ \ \ \
 \\/  ___)| |_)| | | | | || (_| |  ) ) ) )
  '  |____| .__|_| |_|_| |_\__, | / / / /
 =========|_|==============|___/=/_/_/_/
 :: Spring Boot ::                (v3.1.3)

2023-10-02T12:26:17.865+09:00  INFO 21548 --- [           main] c.i.p.ProductServiceApplicationTests     : Starting ProductServiceApplicationTests using Java 17.0.6 with PID 21548 (started by Atul Anand in C:\Personal\Learnings\Code\Projects\new\ecommerce-microservices\product-service)
2023-10-02T12:26:17.867+09:00  INFO 21548 --- [           main] c.i.p.ProductServiceApplicationTests     : No active profile set, falling back to 1 default profile: "default"
2023-10-02T12:26:18.767+09:00  INFO 21548 --- [           main] .s.d.r.c.RepositoryConfigurationDelegate : Bootstrapping Spring Data MongoDB repositories in DEFAULT mode.
2023-10-02T12:26:18.844+09:00  INFO 21548 --- [           main] .s.d.r.c.RepositoryConfigurationDelegate : Finished Spring Data repository scanning in 70 ms. Found 1 MongoDB repository interfaces.
2023-10-02T12:26:19.471+09:00  INFO 21548 --- [           main] org.mongodb.driver.client                : MongoClient with metadata {"driver": {"name": "mongo-java-driver|sync|spring-boot", "version": "4.9.1"}, "os": {"type": "Windows", "name": "Windows 11", "architecture": "amd64", "version": "10.0"}, "platform": "Java/Oracle Corporation/17.0.6+9-LTS-190"} created with settings MongoClientSettings{readPreference=primary, writeConcern=WriteConcern{w=null, wTimeout=null ms, journal=null}, retryWrites=true, retryReads=true, readConcern=ReadConcern{level=null}, credential=null, streamFactoryFactory=null, commandListeners=[], codecRegistry=ProvidersCodecRegistry{codecProviders=[ValueCodecProvider{}, BsonValueCodecProvider{}, DBRefCodecProvider{}, DBObjectCodecProvider{}, DocumentCodecProvider{}, CollectionCodecProvider{}, IterableCodecProvider{}, MapCodecProvider{}, GeoJsonCodecProvider{}, GridFSFileCodecProvider{}, Jsr310CodecProvider{}, JsonObjectCodecProvider{}, BsonCodecProvider{}, EnumCodecProvider{}, com.mongodb.client.model.mql.ExpressionCodecProvider@69feb4d9, com.mongodb.Jep395RecordCodecProvider@37c1cfa]}, loggerSettings=LoggerSettings{maxDocumentLength=1000}, clusterSettings={hosts=[localhost:58656], srvServiceName=mongodb, mode=SINGLE, requiredClusterType=UNKNOWN, requiredReplicaSetName='null', serverSelector='null', clusterListeners='[]', serverSelectionTimeout='30000 ms', localThreshold='30000 ms'}, socketSettings=SocketSettings{connectTimeoutMS=10000, readTimeoutMS=0, receiveBufferSize=0, sendBufferSize=0}, heartbeatSocketSettings=SocketSettings{connectTimeoutMS=10000, readTimeoutMS=10000, receiveBufferSize=0, sendBufferSize=0}, connectionPoolSettings=ConnectionPoolSettings{maxSize=100, minSize=0, maxWaitTimeMS=120000, maxConnectionLifeTimeMS=0, maxConnectionIdleTimeMS=0, maintenanceInitialDelayMS=0, maintenanceFrequencyMS=60000, connectionPoolListeners=[], maxConnecting=2}, serverSettings=ServerSettings{heartbeatFrequencyMS=10000, minHeartbeatFrequencyMS=500, serverListeners='[]', serverMonitorListeners='[]'}, sslSettings=SslSettings{enabled=false, invalidHostNameAllowed=false, context=null}, applicationName='null', compressorList=[], uuidRepresentation=JAVA_LEGACY, serverApi=null, autoEncryptionSettings=null, contextProvider=null}
2023-10-02T12:26:19.502+09:00  INFO 21548 --- [localhost:58656] org.mongodb.driver.cluster               : Monitor thread successfully connected to server with description ServerDescription{address=localhost:58656, type=REPLICA_SET_PRIMARY, state=CONNECTED, ok=true, minWireVersion=0, maxWireVersion=9, maxDocumentSize=16777216, logicalSessionTimeoutMinutes=30, roundTripTimeNanos=43550000, setName='docker-rs', canonicalAddress=92bb0bdce5f1:27017, hosts=[92bb0bdce5f1:27017], passives=[], arbiters=[], primary='92bb0bdce5f1:27017', tagSet=TagSet{[]}, electionId=7fffffff0000000000000001, setVersion=1, topologyVersion=TopologyVersion{processId=651a3857aa8091753b43c98f, counter=6}, lastWriteDate=Mon Oct 02 12:26:17 JST 2023, lastUpdateTimeNanos=358456274416100}
2023-10-02T12:26:20.471+09:00  INFO 21548 --- [           main] o.s.b.t.m.w.SpringBootMockServletContext : Initializing Spring TestDispatcherServlet ''
2023-10-02T12:26:20.472+09:00  INFO 21548 --- [           main] o.s.t.web.servlet.TestDispatcherServlet  : Initializing Servlet ''
2023-10-02T12:26:20.474+09:00  INFO 21548 --- [           main] o.s.t.web.servlet.TestDispatcherServlet  : Completed initialization in 1 ms
2023-10-02T12:26:20.496+09:00  INFO 21548 --- [           main] c.i.p.ProductServiceApplicationTests     : Started ProductServiceApplicationTests in 3.025 seconds (process running for 10.039)
2023-10-02T12:26:22.203+09:00  INFO 21548 --- [           main] c.i.p.service.ProductService             : Product 651a385e5a697b7c7603c28b is saved
]]></system-out>
  </testcase>
</testsuite>